  Enemy.cpp
  InputHandler.cpp
  Projectile.cpp
c:\users\otto\source\repos\sdlproject\sdlproject\projectile.cpp(29): warning C4018: '<': signed/unsigned mismatch
c:\users\otto\source\repos\sdlproject\sdlproject\projectile.cpp(43): warning C4244: '=': conversion from 'float' to 'int', possible loss of data
c:\users\otto\source\repos\sdlproject\sdlproject\projectile.cpp(44): warning C4244: '=': conversion from 'float' to 'int', possible loss of data
c:\users\otto\source\repos\sdlproject\sdlproject\projectile.cpp(49): warning C4018: '<': signed/unsigned mismatch
  floatingText.cpp
c:\users\otto\source\repos\sdlproject\sdlproject\floatingtext.cpp(31): warning C4244: 'argument': conversion from 'float' to 'Uint8', possible loss of data
c:\users\otto\source\repos\sdlproject\sdlproject\floatingtext.cpp(35): warning C4018: '<': signed/unsigned mismatch
c:\users\otto\source\repos\sdlproject\sdlproject\floatingtext.cpp(45): warning C4244: '=': conversion from 'float' to 'int', possible loss of data
c:\users\otto\source\repos\sdlproject\sdlproject\floatingtext.cpp(46): warning C4244: '=': conversion from 'float' to 'int', possible loss of data
  main.cpp
c:\users\otto\source\repos\sdlproject\sdlproject\main.cpp(238): warning C4018: '<': signed/unsigned mismatch
c:\users\otto\source\repos\sdlproject\sdlproject\main.cpp(269): warning C4244: '=': conversion from 'Uint32' to 'float', possible loss of data
c:\users\otto\source\repos\sdlproject\sdlproject\main.cpp(283): warning C4838: conversion from 'float' to 'int' requires a narrowing conversion
c:\users\otto\source\repos\sdlproject\sdlproject\main.cpp(283): warning C4244: 'initializing': conversion from 'float' to 'int', possible loss of data
c:\users\otto\source\repos\sdlproject\sdlproject\main.cpp(284): warning C4838: conversion from 'float' to 'int' requires a narrowing conversion
c:\users\otto\source\repos\sdlproject\sdlproject\main.cpp(284): warning C4244: 'initializing': conversion from 'float' to 'int', possible loss of data
c:\users\otto\source\repos\sdlproject\sdlproject\main.cpp(308): warning C4838: conversion from 'float' to 'int' requires a narrowing conversion
c:\users\otto\source\repos\sdlproject\sdlproject\main.cpp(308): warning C4244: 'initializing': conversion from 'float' to 'int', possible loss of data
c:\users\otto\source\repos\sdlproject\sdlproject\main.cpp(319): warning C4838: conversion from 'float' to 'int' requires a narrowing conversion
c:\users\otto\source\repos\sdlproject\sdlproject\main.cpp(319): warning C4244: 'initializing': conversion from 'float' to 'int', possible loss of data
c:\users\otto\source\repos\sdlproject\sdlproject\main.cpp(350): warning C4838: conversion from 'float' to 'int' requires a narrowing conversion
c:\users\otto\source\repos\sdlproject\sdlproject\main.cpp(350): warning C4244: 'initializing': conversion from 'float' to 'int', possible loss of data
c:\users\otto\source\repos\sdlproject\sdlproject\main.cpp(363): warning C4838: conversion from 'float' to 'int' requires a narrowing conversion
c:\users\otto\source\repos\sdlproject\sdlproject\main.cpp(363): warning C4244: 'initializing': conversion from 'float' to 'int', possible loss of data
c:\users\otto\source\repos\sdlproject\sdlproject\main.cpp(433): warning C4018: '<': signed/unsigned mismatch
c:\users\otto\source\repos\sdlproject\sdlproject\main.cpp(473): warning C4244: 'argument': conversion from 'int' to 'float', possible loss of data
c:\users\otto\source\repos\sdlproject\sdlproject\main.cpp(474): warning C4244: '=': conversion from 'float' to 'int', possible loss of data
c:\users\otto\source\repos\sdlproject\sdlproject\main.cpp(475): warning C4244: '=': conversion from 'float' to 'int', possible loss of data
c:\users\otto\source\repos\sdlproject\sdlproject\main.cpp(496): warning C4244: '=': conversion from 'float' to 'int', possible loss of data
c:\users\otto\source\repos\sdlproject\sdlproject\main.cpp(501): warning C4244: '=': conversion from 'double' to 'int', possible loss of data
c:\users\otto\source\repos\sdlproject\sdlproject\main.cpp(505): warning C4244: '=': conversion from 'double' to 'int', possible loss of data
c:\users\otto\source\repos\sdlproject\sdlproject\main.cpp(650): warning C4244: '=': conversion from 'Uint32' to 'float', possible loss of data
c:\users\otto\source\repos\sdlproject\sdlproject\main.cpp(655): warning C4244: 'argument': conversion from 'float' to 'Uint32', possible loss of data
c:\users\otto\source\repos\sdlproject\sdlproject\main.cpp(840): warning C4244: '*=': conversion from 'float' to 'int', possible loss of data
c:\users\otto\source\repos\sdlproject\sdlproject\main.cpp(841): warning C4244: '*=': conversion from 'float' to 'int', possible loss of data
  playerCharacter.cpp
c:\users\otto\source\repos\sdlproject\sdlproject\playercharacter.cpp(71): warning C4244: '=': conversion from 'float' to 'int', possible loss of data
c:\users\otto\source\repos\sdlproject\sdlproject\playercharacter.cpp(72): warning C4244: '=': conversion from 'float' to 'int', possible loss of data
c:\users\otto\source\repos\sdlproject\sdlproject\playercharacter.cpp(79): warning C4018: '<': signed/unsigned mismatch
c:\users\otto\source\repos\sdlproject\sdlproject\playercharacter.cpp(95): warning C4244: 'initializing': conversion from 'float' to 'int', possible loss of data
c:\users\otto\source\repos\sdlproject\sdlproject\playercharacter.cpp(96): warning C4244: 'initializing': conversion from 'float' to 'int', possible loss of data
c:\users\otto\source\repos\sdlproject\sdlproject\playercharacter.cpp(98): warning C4244: 'argument': conversion from 'int' to 'float', possible loss of data
c:\users\otto\source\repos\sdlproject\sdlproject\playercharacter.cpp(100): warning C4244: '=': conversion from 'float' to 'int', possible loss of data
c:\users\otto\source\repos\sdlproject\sdlproject\playercharacter.cpp(101): warning C4244: '=': conversion from 'float' to 'int', possible loss of data
c:\users\otto\source\repos\sdlproject\sdlproject\playercharacter.cpp(119): warning C4244: '=': conversion from 'Uint32' to 'float', possible loss of data
c:\users\otto\source\repos\sdlproject\sdlproject\playercharacter.cpp(136): warning C4244: '=': conversion from 'Uint32' to 'float', possible loss of data
c:\users\otto\source\repos\sdlproject\sdlproject\playercharacter.cpp(173): warning C4838: conversion from 'float' to 'int' requires a narrowing conversion
c:\users\otto\source\repos\sdlproject\sdlproject\playercharacter.cpp(173): warning C4244: 'initializing': conversion from 'float' to 'int', possible loss of data
  renderer.cpp
  Generating code
  25 of 421 functions ( 5.9%) were compiled, the rest were copied from previous compilation.
    0 functions were new in current compilation
    4 functions had inline decision re-evaluated but remain unchanged
  Finished generating code
  SDLProject.vcxproj -> C:\Users\Otto\source\repos\SDLProject\Release\SDLProject.exe
