c:\users\otto\source\repos\sdlproject\sdlproject\debug\vc141.pdb
c:\users\otto\source\repos\sdlproject\sdlproject\debug\vc141.idb
c:\users\otto\source\repos\sdlproject\sdlproject\debug\main.obj
c:\users\otto\source\repos\sdlproject\sdlproject\debug\point2d.obj
c:\users\otto\source\repos\sdlproject\sdlproject\debug\gameobject.obj
c:\users\otto\source\repos\sdlproject\sdlproject\debug\renderer.obj
c:\users\otto\source\repos\sdlproject\sdlproject\debug\inputhandler.obj
c:\users\otto\source\repos\sdlproject\sdlproject\debug\projectile.obj
c:\users\otto\source\repos\sdlproject\sdlproject\debug\enemy.obj
c:\users\otto\source\repos\sdlproject\sdlproject\debug\playercharacter.obj
c:\users\otto\source\repos\sdlproject\sdlproject\debug\hud.obj
c:\users\otto\source\repos\sdlproject\sdlproject\debug\game.obj
c:\users\otto\source\repos\sdlproject\sdlproject\debug\pickupitem.obj
c:\users\otto\source\repos\sdlproject\sdlproject\debug\floatingtext.obj
c:\users\otto\source\repos\sdlproject\sdlproject\debug\particlesystem.obj
c:\users\otto\source\repos\sdlproject\debug\sdlproject.exe
c:\users\otto\source\repos\sdlproject\debug\sdlproject.ilk
c:\users\otto\source\repos\sdlproject\debug\sdlproject.pdb
c:\users\otto\source\repos\sdlproject\sdlproject\debug\sdlproject.tlog\cl.command.1.tlog
c:\users\otto\source\repos\sdlproject\sdlproject\debug\sdlproject.tlog\cl.read.1.tlog
c:\users\otto\source\repos\sdlproject\sdlproject\debug\sdlproject.tlog\cl.write.1.tlog
c:\users\otto\source\repos\sdlproject\sdlproject\debug\sdlproject.tlog\link.command.1.tlog
c:\users\otto\source\repos\sdlproject\sdlproject\debug\sdlproject.tlog\link.read.1.tlog
c:\users\otto\source\repos\sdlproject\sdlproject\debug\sdlproject.tlog\link.write.1.tlog
